Arguments: 
  /snap/node/4150/bin/node /snap/node/4150/bin/yarn.js add list-of-endpoints

PATH: 
  /usr/local/sbin:/usr/local/bin:/usr/sbin:/usr/bin:/sbin:/bin:/usr/games:/usr/local/games:/snap/bin

Yarn version: 
  1.22.5

Node version: 
  14.16.1

Platform: 
  linux x64

Trace: 
  Error: https://registry.yarnpkg.com/list-of-endpoints: Not found
      at Request.params.callback [as _callback] (/snap/node/4150/lib/cli.js:66988:18)
      at Request.self.callback (/snap/node/4150/lib/cli.js:140749:22)
      at Request.emit (events.js:315:20)
      at Request.<anonymous> (/snap/node/4150/lib/cli.js:141721:10)
      at Request.emit (events.js:315:20)
      at IncomingMessage.<anonymous> (/snap/node/4150/lib/cli.js:141643:12)
      at Object.onceWrapper (events.js:421:28)
      at IncomingMessage.emit (events.js:327:22)
      at endReadableNT (internal/streams/readable.js:1327:12)
      at processTicksAndRejections (internal/process/task_queues.js:80:21)

npm manifest: 
  {
    "name": "M5-D9",
    "version": "1.0.0",
    "description": "",
    "main": "index.js",
    "type": "module",
    "scripts": {
      "test": "echo \"Error: no test specified\" && exit 1"
    },
    "repository": {
      "type": "git",
      "url": "git+https://github.com/lucaperullo/M5-D9.git"
    },
    "keywords": [],
    "author": "",
    "license": "ISC",
    "bugs": {
      "url": "https://github.com/lucaperullo/M5-D9/issues"
    },
    "homepage": "https://github.com/lucaperullo/M5-D9#readme"
  }

yarn manifest: 
  No manifest

Lockfile: 
  No lockfile
